<?xml version="1.0" encoding="UTF-8"?>
<!-- Generated by org.testng.reporters.JUnitReportReporter -->
<testsuite skipped="0" hostname="d100" name="testCases.RadioButtonTestCase" tests="1" failures="0" timestamp="12 Nov 2018 11:00:22 GMT" time="15.737" errors="0">
  <testcase name="radioButton" time="15.737" classname="testCases.RadioButtonTestCase"/>
</testsuite> <!-- testCases.RadioButtonTestCase -->
