<?xml version="1.0" encoding="UTF-8"?>
<!-- Generated by org.testng.reporters.JUnitReportReporter -->
<testsuite skipped="0" hostname="d100" name="testCases.CheckBoxTestCase" tests="1" failures="0" timestamp="12 Nov 2018 10:46:52 GMT" time="21.151" errors="0">
  <testcase name="checkBox" time="21.151" classname="testCases.CheckBoxTestCase"/>
</testsuite> <!-- testCases.CheckBoxTestCase -->
