<?xml version="1.0" encoding="UTF-8"?>
<!-- Generated by org.testng.reporters.JUnitReportReporter -->
<testsuite skipped="0" hostname="d100" name="testCases.CalendarTestCase" tests="1" failures="0" timestamp="12 Nov 2018 11:17:45 GMT" time="21.493" errors="0">
  <testcase name="calendar" time="21.493" classname="testCases.CalendarTestCase"/>
</testsuite> <!-- testCases.CalendarTestCase -->
